<?xml version="1.0" encoding="UTF-8"?>
<!-- Generated by org.testng.reporters.JUnitXMLReporter -->
<testsuite ignored="0" hostname="UnderPC" failures="0" tests="5" name="Default test" time="78.369" errors="0" timestamp="2022-12-02T12:34:23 EET">
  <testcase classname="Tests.tests" name="testRegPositive" time="24.027"/>
  <testcase classname="Tests.tests" name="testLoginPage" time="12.79"/>
  <testcase classname="Tests.tests" name="testLoginPageNeg" time="8.528"/>
  <testcase classname="Tests.tests" name="testLogOut" time="12.682"/>
  <testcase classname="Tests.tests" name="testRegNeg" time="16.439"/>
</testsuite> <!-- Default test -->
